<?xml version="1.0" encoding="UTF-8"?>
<testsuite name="com.cognibank.accountmanagment.cognibankaccountmanagment.Services.AccountServiceTest" tests="1" skipped="0" failures="0" errors="0" timestamp="2019-04-12T13:55:48" hostname="MACPCUS82350" time="0.014">
  <properties/>
  <testcase name="createAccountTest" classname="com.cognibank.accountmanagment.cognibankaccountmanagment.Services.AccountServiceTest" time="0.014"/>
  <system-out><![CDATA[2019-04-12 09:55:47.389  INFO 11265 --- [    Test worker] .b.t.c.SpringBootTestContextBootstrapper : Neither @ContextConfiguration nor @ContextHierarchy found for test class [com.cognibank.accountmanagment.cognibankaccountmanagment.Services.AccountServiceTest], using SpringBootContextLoader
2019-04-12 09:55:47.390  INFO 11265 --- [    Test worker] o.s.t.c.support.AbstractContextLoader    : Could not detect default resource locations for test class [com.cognibank.accountmanagment.cognibankaccountmanagment.Services.AccountServiceTest]: no resource found for suffixes {-context.xml, Context.groovy}.
2019-04-12 09:55:47.390  INFO 11265 --- [    Test worker] t.c.s.AnnotationConfigContextLoaderUtils : Could not detect default configuration classes for test class [com.cognibank.accountmanagment.cognibankaccountmanagment.Services.AccountServiceTest]: AccountServiceTest does not declare any static, non-private, non-final, nested classes annotated with @Configuration.
2019-04-12 09:55:47.393  INFO 11265 --- [    Test worker] .b.t.c.SpringBootTestContextBootstrapper : Found @SpringBootConfiguration com.cognibank.accountmanagment.cognibankaccountmanagment.CogniBankAccountManagmentApplication for test class com.cognibank.accountmanagment.cognibankaccountmanagment.Services.AccountServiceTest
2019-04-12 09:55:47.394  INFO 11265 --- [    Test worker] .b.t.c.SpringBootTestContextBootstrapper : Loaded default TestExecutionListener class names from location [META-INF/spring.factories]: [org.springframework.boot.test.autoconfigure.restdocs.RestDocsTestExecutionListener, org.springframework.boot.test.autoconfigure.web.client.MockRestServiceServerResetTestExecutionListener, org.springframework.boot.test.autoconfigure.web.servlet.MockMvcPrintOnlyOnFailureTestExecutionListener, org.springframework.boot.test.autoconfigure.web.servlet.WebDriverTestExecutionListener, org.springframework.boot.test.mock.mockito.MockitoTestExecutionListener, org.springframework.boot.test.mock.mockito.ResetMocksTestExecutionListener, org.springframework.test.context.web.ServletTestExecutionListener, org.springframework.test.context.support.DirtiesContextBeforeModesTestExecutionListener, org.springframework.test.context.support.DependencyInjectionTestExecutionListener, org.springframework.test.context.support.DirtiesContextTestExecutionListener, org.springframework.test.context.transaction.TransactionalTestExecutionListener, org.springframework.test.context.jdbc.SqlScriptsTestExecutionListener]
2019-04-12 09:55:47.394  INFO 11265 --- [    Test worker] .b.t.c.SpringBootTestContextBootstrapper : Using TestExecutionListeners: [org.springframework.test.context.web.ServletTestExecutionListener@1833efef, org.springframework.test.context.support.DirtiesContextBeforeModesTestExecutionListener@37512d15, org.springframework.boot.test.mock.mockito.MockitoTestExecutionListener@60a9cccc, org.springframework.boot.test.autoconfigure.SpringBootDependencyInjectionTestExecutionListener@78a1f278, org.springframework.test.context.support.DirtiesContextTestExecutionListener@7fea2614, org.springframework.test.context.transaction.TransactionalTestExecutionListener@41ed9579, org.springframework.test.context.jdbc.SqlScriptsTestExecutionListener@6f0cfe24, org.springframework.boot.test.autoconfigure.restdocs.RestDocsTestExecutionListener@1849f38f, org.springframework.boot.test.autoconfigure.web.client.MockRestServiceServerResetTestExecutionListener@36bdac14, org.springframework.boot.test.autoconfigure.web.servlet.MockMvcPrintOnlyOnFailureTestExecutionListener@1bd6b1e7, org.springframework.boot.test.autoconfigure.web.servlet.WebDriverTestExecutionListener@13239167, org.springframework.boot.test.mock.mockito.ResetMocksTestExecutionListener@44a1cd07]
2019-04-12 09:55:47.421  INFO 11265 --- [    Test worker] trationDelegate$BeanPostProcessorChecker : Bean 'configurationPropertiesRebinderAutoConfiguration' of type [org.springframework.cloud.autoconfigure.ConfigurationPropertiesRebinderAutoConfiguration$$EnhancerBySpringCGLIB$$fb43372c] is not eligible for getting processed by all BeanPostProcessors (for example: not eligible for auto-proxying)

  .   ____          _            __ _ _
 /\\ / ___'_ __ _ _(_)_ __  __ _ \ \ \ \
( ( )\___ | '_ | '_| | '_ \/ _` | \ \ \ \
 \\/  ___)| |_)| | | | | || (_| |  ) ) ) )
  '  |____| .__|_| |_|_| |_\__, | / / / /
 =========|_|==============|___/=/_/_/_/
 :: Spring Boot ::        (v2.1.3.RELEASE)

2019-04-12 09:55:47.438  INFO 11265 --- [    Test worker] c.c.c.ConfigServicePropertySourceLocator : Fetching config from server at : http://localhost:8888
2019-04-12 09:55:47.442  INFO 11265 --- [    Test worker] c.c.c.ConfigServicePropertySourceLocator : Connect Timeout Exception on Url - http://localhost:8888. Will be trying the next url if available
2019-04-12 09:55:47.442  WARN 11265 --- [    Test worker] c.c.c.ConfigServicePropertySourceLocator : Could not locate PropertySource: I/O error on GET request for "http://localhost:8888/accountManagement/default": Connection refused (Connection refused); nested exception is java.net.ConnectException: Connection refused (Connection refused)
2019-04-12 09:55:47.442  WARN 11265 --- [    Test worker] ory$DuplicateJsonObjectContextCustomizer : 

Found multiple occurrences of org.json.JSONObject on the class path:

	jar:file:/Users/training/.gradle/caches/modules-2/files-2.1/org.json/json/20180813/8566b2b0391d9d4479ea225645c6ed47ef17fe41/json-20180813.jar!/org/json/JSONObject.class
	jar:file:/Users/training/.gradle/caches/modules-2/files-2.1/com.vaadin.external.google/android-json/0.0.20131108.vaadin1/fa26d351fe62a6a17f5cda1287c1c6110dec413f/android-json-0.0.20131108.vaadin1.jar!/org/json/JSONObject.class

You may wish to exclude one of them to ensure predictable runtime behavior

2019-04-12 09:55:47.443  INFO 11265 --- [    Test worker] c.c.a.c.Services.AccountServiceTest      : No active profile set, falling back to default profiles: default
2019-04-12 09:55:47.591  INFO 11265 --- [    Test worker] .s.d.r.c.RepositoryConfigurationDelegate : Bootstrapping Spring Data repositories in DEFAULT mode.
2019-04-12 09:55:47.597  INFO 11265 --- [    Test worker] .s.d.r.c.RepositoryConfigurationDelegate : Finished Spring Data repository scanning in 6ms. Found 2 repository interfaces.
2019-04-12 09:55:47.621  INFO 11265 --- [    Test worker] o.s.cloud.context.scope.GenericScope     : BeanFactory id=4531520a-2602-3ad9-98ea-292bfdcc6990
2019-04-12 09:55:47.637  INFO 11265 --- [    Test worker] trationDelegate$BeanPostProcessorChecker : Bean 'org.springframework.amqp.rabbit.annotation.RabbitBootstrapConfiguration' of type [org.springframework.amqp.rabbit.annotation.RabbitBootstrapConfiguration$$EnhancerBySpringCGLIB$$a594f25d] is not eligible for getting processed by all BeanPostProcessors (for example: not eligible for auto-proxying)
2019-04-12 09:55:47.663  INFO 11265 --- [    Test worker] trationDelegate$BeanPostProcessorChecker : Bean 'org.springframework.transaction.annotation.ProxyTransactionManagementConfiguration' of type [org.springframework.transaction.annotation.ProxyTransactionManagementConfiguration$$EnhancerBySpringCGLIB$$df29342f] is not eligible for getting processed by all BeanPostProcessors (for example: not eligible for auto-proxying)
2019-04-12 09:55:47.673  INFO 11265 --- [    Test worker] trationDelegate$BeanPostProcessorChecker : Bean 'org.springframework.cloud.autoconfigure.ConfigurationPropertiesRebinderAutoConfiguration' of type [org.springframework.cloud.autoconfigure.ConfigurationPropertiesRebinderAutoConfiguration$$EnhancerBySpringCGLIB$$fb43372c] is not eligible for getting processed by all BeanPostProcessors (for example: not eligible for auto-proxying)
2019-04-12 09:55:47.733  INFO 11265 --- [    Test worker] com.zaxxer.hikari.HikariDataSource       : HikariPool-4 - Starting...
2019-04-12 09:55:47.734  INFO 11265 --- [    Test worker] com.zaxxer.hikari.HikariDataSource       : HikariPool-4 - Start completed.
2019-04-12 09:55:47.746  INFO 11265 --- [    Test worker] o.hibernate.jpa.internal.util.LogHelper  : HHH000204: Processing PersistenceUnitInfo [
	name: default
	...]
2019-04-12 09:55:47.750  INFO 11265 --- [    Test worker] org.hibernate.dialect.Dialect            : HHH000400: Using dialect: org.hibernate.dialect.H2Dialect
2019-04-12 09:55:47.779  INFO 11265 --- [    Test worker] o.h.t.schema.internal.SchemaCreatorImpl  : HHH000476: Executing import script 'org.hibernate.tool.schema.internal.exec.ScriptSourceInputNonExistentImpl@44251a22'
2019-04-12 09:55:47.779  INFO 11265 --- [    Test worker] j.LocalContainerEntityManagerFactoryBean : Initialized JPA EntityManagerFactory for persistence unit 'default'
I am inside queue LOWBALANCE_QUEUE
I am inside exchange LOWERBALANCE_EXCHANGE
I am inside binding LOWBALANCE_KEY
2019-04-12 09:55:48.097  INFO 11265 --- [    Test worker] o.s.s.concurrent.ThreadPoolTaskExecutor  : Initializing ExecutorService 'applicationTaskExecutor'
2019-04-12 09:55:48.105  WARN 11265 --- [    Test worker] aWebConfiguration$JpaWebMvcConfiguration : spring.jpa.open-in-view is enabled by default. Therefore, database queries may be performed during view rendering. Explicitly configure spring.jpa.open-in-view to disable this warning
2019-04-12 09:55:48.520  INFO 11265 --- [    Test worker] o.s.b.a.e.web.EndpointLinksResolver      : Exposing 2 endpoint(s) beneath base path '/actuator'
2019-04-12 09:55:48.551  INFO 11265 --- [    Test worker] c.c.a.c.Services.AccountServiceTest      : Started AccountServiceTest in 1.156 seconds (JVM running for 9.364)
2019-04-12 09:55:48.558  INFO 11265 --- [    Test worker] o.h.h.i.QueryTranslatorFactoryInitiator  : HHH000397: Using ASTQueryTranslatorFactory
2019-04-12 09:55:48.564  INFO 11265 --- [    Test worker] o.s.s.concurrent.ThreadPoolTaskExecutor  : Shutting down ExecutorService 'applicationTaskExecutor'
2019-04-12 09:55:48.564  INFO 11265 --- [    Test worker] j.LocalContainerEntityManagerFactoryBean : Closing JPA EntityManagerFactory for persistence unit 'default'
2019-04-12 09:55:48.565  INFO 11265 --- [    Test worker] .SchemaDropperImpl$DelayedDropActionImpl : HHH000477: Starting delayed evictData of schema as part of SessionFactory shut-down'
2019-04-12 09:55:48.566  INFO 11265 --- [    Test worker] o.s.b.f.support.DisposableBeanAdapter    : Invocation of destroy method failed on bean with name 'inMemoryDatabaseShutdownExecutor': org.h2.jdbc.JdbcSQLException: Database is already closed (to disable automatic closing at VM shutdown, add ";DB_CLOSE_ON_EXIT=FALSE" to the db URL) [90121-197]
2019-04-12 09:55:48.566  INFO 11265 --- [    Test worker] com.zaxxer.hikari.HikariDataSource       : HikariPool-4 - Shutdown initiated...
2019-04-12 09:55:48.567  INFO 11265 --- [    Test worker] com.zaxxer.hikari.HikariDataSource       : HikariPool-4 - Shutdown completed.
]]></system-out>
  <system-err><![CDATA[]]></system-err>
</testsuite>
