<?xml version="1.0" encoding="UTF-8"?>
<testsuite name="com.cognibank.accountmanagment.cognibankaccountmanagment.Repository.AccountRepositoryTest" tests="2" skipped="0" failures="0" errors="0" timestamp="2019-04-11T19:58:05" hostname="MACPCUS82350" time="1.509">
  <properties/>
  <testcase name="shouldGetAnAccountWithItsAccountNumber" classname="com.cognibank.accountmanagment.cognibankaccountmanagment.Repository.AccountRepositoryTest" time="0.202"/>
  <testcase name="shouldGetAnAccountUpdated" classname="com.cognibank.accountmanagment.cognibankaccountmanagment.Repository.AccountRepositoryTest" time="0.029"/>
  <system-out><![CDATA[15:58:00.078 [Test worker] DEBUG org.springframework.test.context.junit4.SpringJUnit4ClassRunner - SpringJUnit4ClassRunner constructor called with [class com.cognibank.accountmanagment.cognibankaccountmanagment.Repository.AccountRepositoryTest]
15:58:00.083 [Test worker] DEBUG org.springframework.test.context.BootstrapUtils - Instantiating CacheAwareContextLoaderDelegate from class [org.springframework.test.context.cache.DefaultCacheAwareContextLoaderDelegate]
15:58:00.088 [Test worker] DEBUG org.springframework.test.context.BootstrapUtils - Instantiating BootstrapContext using constructor [public org.springframework.test.context.support.DefaultBootstrapContext(java.lang.Class,org.springframework.test.context.CacheAwareContextLoaderDelegate)]
15:58:00.102 [Test worker] DEBUG org.springframework.test.context.BootstrapUtils - Instantiating TestContextBootstrapper for test class [com.cognibank.accountmanagment.cognibankaccountmanagment.Repository.AccountRepositoryTest] from class [org.springframework.boot.test.context.SpringBootTestContextBootstrapper]
15:58:00.112 [Test worker] INFO org.springframework.boot.test.context.SpringBootTestContextBootstrapper - Neither @ContextConfiguration nor @ContextHierarchy found for test class [com.cognibank.accountmanagment.cognibankaccountmanagment.Repository.AccountRepositoryTest], using SpringBootContextLoader
15:58:00.114 [Test worker] DEBUG org.springframework.test.context.support.AbstractContextLoader - Did not detect default resource location for test class [com.cognibank.accountmanagment.cognibankaccountmanagment.Repository.AccountRepositoryTest]: class path resource [com/cognibank/accountmanagment/cognibankaccountmanagment/Repository/AccountRepositoryTest-context.xml] does not exist
15:58:00.115 [Test worker] DEBUG org.springframework.test.context.support.AbstractContextLoader - Did not detect default resource location for test class [com.cognibank.accountmanagment.cognibankaccountmanagment.Repository.AccountRepositoryTest]: class path resource [com/cognibank/accountmanagment/cognibankaccountmanagment/Repository/AccountRepositoryTestContext.groovy] does not exist
15:58:00.115 [Test worker] INFO org.springframework.test.context.support.AbstractContextLoader - Could not detect default resource locations for test class [com.cognibank.accountmanagment.cognibankaccountmanagment.Repository.AccountRepositoryTest]: no resource found for suffixes {-context.xml, Context.groovy}.
15:58:00.115 [Test worker] INFO org.springframework.test.context.support.AnnotationConfigContextLoaderUtils - Could not detect default configuration classes for test class [com.cognibank.accountmanagment.cognibankaccountmanagment.Repository.AccountRepositoryTest]: AccountRepositoryTest does not declare any static, non-private, non-final, nested classes annotated with @Configuration.
15:58:00.144 [Test worker] DEBUG org.springframework.test.context.support.ActiveProfilesUtils - Could not find an 'annotation declaring class' for annotation type [org.springframework.test.context.ActiveProfiles] and class [com.cognibank.accountmanagment.cognibankaccountmanagment.Repository.AccountRepositoryTest]
15:58:00.199 [Test worker] DEBUG org.springframework.context.annotation.ClassPathScanningCandidateComponentProvider - Identified candidate component class: file [/Users/training/Desktop/cogni-bank-account-mng/build/classes/java/main/com/cognibank/accountmanagment/cognibankaccountmanagment/CogniBankAccountManagmentApplication.class]
15:58:00.200 [Test worker] INFO org.springframework.boot.test.context.SpringBootTestContextBootstrapper - Found @SpringBootConfiguration com.cognibank.accountmanagment.cognibankaccountmanagment.CogniBankAccountManagmentApplication for test class com.cognibank.accountmanagment.cognibankaccountmanagment.Repository.AccountRepositoryTest
15:58:00.277 [Test worker] DEBUG org.springframework.boot.test.context.SpringBootTestContextBootstrapper - @TestExecutionListeners is not present for class [com.cognibank.accountmanagment.cognibankaccountmanagment.Repository.AccountRepositoryTest]: using defaults.
15:58:00.278 [Test worker] INFO org.springframework.boot.test.context.SpringBootTestContextBootstrapper - Loaded default TestExecutionListener class names from location [META-INF/spring.factories]: [org.springframework.boot.test.autoconfigure.restdocs.RestDocsTestExecutionListener, org.springframework.boot.test.autoconfigure.web.client.MockRestServiceServerResetTestExecutionListener, org.springframework.boot.test.autoconfigure.web.servlet.MockMvcPrintOnlyOnFailureTestExecutionListener, org.springframework.boot.test.autoconfigure.web.servlet.WebDriverTestExecutionListener, org.springframework.boot.test.mock.mockito.MockitoTestExecutionListener, org.springframework.boot.test.mock.mockito.ResetMocksTestExecutionListener, org.springframework.test.context.web.ServletTestExecutionListener, org.springframework.test.context.support.DirtiesContextBeforeModesTestExecutionListener, org.springframework.test.context.support.DependencyInjectionTestExecutionListener, org.springframework.test.context.support.DirtiesContextTestExecutionListener, org.springframework.test.context.transaction.TransactionalTestExecutionListener, org.springframework.test.context.jdbc.SqlScriptsTestExecutionListener]
15:58:00.289 [Test worker] INFO org.springframework.boot.test.context.SpringBootTestContextBootstrapper - Using TestExecutionListeners: [org.springframework.test.context.web.ServletTestExecutionListener@2feed797, org.springframework.test.context.support.DirtiesContextBeforeModesTestExecutionListener@532fdca7, org.springframework.boot.test.mock.mockito.MockitoTestExecutionListener@6b8041e2, org.springframework.boot.test.autoconfigure.SpringBootDependencyInjectionTestExecutionListener@38b7fed, org.springframework.test.context.support.DirtiesContextTestExecutionListener@5a004264, org.springframework.test.context.transaction.TransactionalTestExecutionListener@77677767, org.springframework.test.context.jdbc.SqlScriptsTestExecutionListener@1e01a738, org.springframework.boot.test.autoconfigure.restdocs.RestDocsTestExecutionListener@462dd702, org.springframework.boot.test.autoconfigure.web.client.MockRestServiceServerResetTestExecutionListener@1ee6bec1, org.springframework.boot.test.autoconfigure.web.servlet.MockMvcPrintOnlyOnFailureTestExecutionListener@52762e35, org.springframework.boot.test.autoconfigure.web.servlet.WebDriverTestExecutionListener@41dd7b24, org.springframework.boot.test.mock.mockito.ResetMocksTestExecutionListener@69e031da]
15:58:00.290 [Test worker] DEBUG org.springframework.test.annotation.ProfileValueUtils - Retrieved @ProfileValueSourceConfiguration [null] for test class [com.cognibank.accountmanagment.cognibankaccountmanagment.Repository.AccountRepositoryTest]
15:58:00.290 [Test worker] DEBUG org.springframework.test.annotation.ProfileValueUtils - Retrieved ProfileValueSource type [class org.springframework.test.annotation.SystemProfileValueSource] for class [com.cognibank.accountmanagment.cognibankaccountmanagment.Repository.AccountRepositoryTest]
15:58:00.290 [Test worker] DEBUG org.springframework.test.annotation.ProfileValueUtils - Retrieved @ProfileValueSourceConfiguration [null] for test class [com.cognibank.accountmanagment.cognibankaccountmanagment.Repository.AccountRepositoryTest]
15:58:00.291 [Test worker] DEBUG org.springframework.test.annotation.ProfileValueUtils - Retrieved ProfileValueSource type [class org.springframework.test.annotation.SystemProfileValueSource] for class [com.cognibank.accountmanagment.cognibankaccountmanagment.Repository.AccountRepositoryTest]
15:58:00.293 [Test worker] DEBUG org.springframework.test.context.support.AbstractDirtiesContextTestExecutionListener - Before test class: context [DefaultTestContext@5f2de37e testClass = AccountRepositoryTest, testInstance = [null], testMethod = [null], testException = [null], mergedContextConfiguration = [WebMergedContextConfiguration@7993c350 testClass = AccountRepositoryTest, locations = '{}', classes = '{class com.cognibank.accountmanagment.cognibankaccountmanagment.CogniBankAccountManagmentApplication}', contextInitializerClasses = '[]', activeProfiles = '{}', propertySourceLocations = '{}', propertySourceProperties = '{org.springframework.boot.test.context.SpringBootTestContextBootstrapper=true}', contextCustomizers = set[org.springframework.boot.test.autoconfigure.properties.PropertyMappingContextCustomizer@0, org.springframework.boot.test.autoconfigure.web.servlet.WebDriverContextCustomizerFactory$Customizer@20845ea, org.springframework.boot.test.context.filter.ExcludeFilterContextCustomizer@24628602, org.springframework.boot.test.json.DuplicateJsonObjectContextCustomizerFactory$DuplicateJsonObjectContextCustomizer@1bce4d7a, org.springframework.boot.test.mock.mockito.MockitoContextCustomizer@0, org.springframework.boot.test.web.client.TestRestTemplateContextCustomizer@3bf99df9], resourceBasePath = 'src/main/webapp', contextLoader = 'org.springframework.boot.test.context.SpringBootContextLoader', parent = [null]], attributes = map['org.springframework.test.context.web.ServletTestExecutionListener.activateListener' -> true]], class annotated with @DirtiesContext [true] with mode [AFTER_EACH_TEST_METHOD].
15:58:00.293 [Test worker] DEBUG org.springframework.test.annotation.ProfileValueUtils - Retrieved @ProfileValueSourceConfiguration [null] for test class [com.cognibank.accountmanagment.cognibankaccountmanagment.Repository.AccountRepositoryTest]
15:58:00.293 [Test worker] DEBUG org.springframework.test.annotation.ProfileValueUtils - Retrieved ProfileValueSource type [class org.springframework.test.annotation.SystemProfileValueSource] for class [com.cognibank.accountmanagment.cognibankaccountmanagment.Repository.AccountRepositoryTest]
15:58:00.308 [Test worker] DEBUG org.springframework.test.context.support.TestPropertySourceUtils - Adding inlined properties to environment: {spring.jmx.enabled=false, org.springframework.boot.test.context.SpringBootTestContextBootstrapper=true, server.port=-1}
2019-04-11 15:58:01.669  INFO 10132 --- [    Test worker] trationDelegate$BeanPostProcessorChecker : Bean 'configurationPropertiesRebinderAutoConfiguration' of type [org.springframework.cloud.autoconfigure.ConfigurationPropertiesRebinderAutoConfiguration$$EnhancerBySpringCGLIB$$b99e4083] is not eligible for getting processed by all BeanPostProcessors (for example: not eligible for auto-proxying)

  .   ____          _            __ _ _
 /\\ / ___'_ __ _ _(_)_ __  __ _ \ \ \ \
( ( )\___ | '_ | '_| | '_ \/ _` | \ \ \ \
 \\/  ___)| |_)| | | | | || (_| |  ) ) ) )
  '  |____| .__|_| |_|_| |_\__, | / / / /
 =========|_|==============|___/=/_/_/_/
 :: Spring Boot ::        (v2.1.3.RELEASE)

2019-04-11 15:58:01.775  INFO 10132 --- [    Test worker] c.c.c.ConfigServicePropertySourceLocator : Fetching config from server at : http://localhost:8888
2019-04-11 15:58:01.854  INFO 10132 --- [    Test worker] c.c.c.ConfigServicePropertySourceLocator : Connect Timeout Exception on Url - http://localhost:8888. Will be trying the next url if available
2019-04-11 15:58:01.855  WARN 10132 --- [    Test worker] c.c.c.ConfigServicePropertySourceLocator : Could not locate PropertySource: I/O error on GET request for "http://localhost:8888/application/default": Connection refused (Connection refused); nested exception is java.net.ConnectException: Connection refused (Connection refused)
2019-04-11 15:58:01.858  WARN 10132 --- [    Test worker] ory$DuplicateJsonObjectContextCustomizer : 

Found multiple occurrences of org.json.JSONObject on the class path:

	jar:file:/Users/training/.gradle/caches/modules-2/files-2.1/org.json/json/20180813/8566b2b0391d9d4479ea225645c6ed47ef17fe41/json-20180813.jar!/org/json/JSONObject.class
	jar:file:/Users/training/.gradle/caches/modules-2/files-2.1/com.vaadin.external.google/android-json/0.0.20131108.vaadin1/fa26d351fe62a6a17f5cda1287c1c6110dec413f/android-json-0.0.20131108.vaadin1.jar!/org/json/JSONObject.class

You may wish to exclude one of them to ensure predictable runtime behavior

2019-04-11 15:58:01.861  INFO 10132 --- [    Test worker] c.c.a.c.R.AccountRepositoryTest          : No active profile set, falling back to default profiles: default
2019-04-11 15:58:02.324  INFO 10132 --- [    Test worker] .s.d.r.c.RepositoryConfigurationDelegate : Bootstrapping Spring Data repositories in DEFAULT mode.
2019-04-11 15:58:02.410  INFO 10132 --- [    Test worker] .s.d.r.c.RepositoryConfigurationDelegate : Finished Spring Data repository scanning in 81ms. Found 2 repository interfaces.
2019-04-11 15:58:02.622  INFO 10132 --- [    Test worker] o.s.cloud.context.scope.GenericScope     : BeanFactory id=4531520a-2602-3ad9-98ea-292bfdcc6990
2019-04-11 15:58:02.676  INFO 10132 --- [    Test worker] trationDelegate$BeanPostProcessorChecker : Bean 'org.springframework.amqp.rabbit.annotation.RabbitBootstrapConfiguration' of type [org.springframework.amqp.rabbit.annotation.RabbitBootstrapConfiguration$$EnhancerBySpringCGLIB$$63effbb4] is not eligible for getting processed by all BeanPostProcessors (for example: not eligible for auto-proxying)
2019-04-11 15:58:02.733  INFO 10132 --- [    Test worker] trationDelegate$BeanPostProcessorChecker : Bean 'org.springframework.transaction.annotation.ProxyTransactionManagementConfiguration' of type [org.springframework.transaction.annotation.ProxyTransactionManagementConfiguration$$EnhancerBySpringCGLIB$$9d843d86] is not eligible for getting processed by all BeanPostProcessors (for example: not eligible for auto-proxying)
2019-04-11 15:58:02.763  INFO 10132 --- [    Test worker] trationDelegate$BeanPostProcessorChecker : Bean 'org.springframework.cloud.autoconfigure.ConfigurationPropertiesRebinderAutoConfiguration' of type [org.springframework.cloud.autoconfigure.ConfigurationPropertiesRebinderAutoConfiguration$$EnhancerBySpringCGLIB$$b99e4083] is not eligible for getting processed by all BeanPostProcessors (for example: not eligible for auto-proxying)
2019-04-11 15:58:02.938  INFO 10132 --- [    Test worker] com.zaxxer.hikari.HikariDataSource       : HikariPool-1 - Starting...
2019-04-11 15:58:03.048  INFO 10132 --- [    Test worker] com.zaxxer.hikari.HikariDataSource       : HikariPool-1 - Start completed.
2019-04-11 15:58:03.115  INFO 10132 --- [    Test worker] o.hibernate.jpa.internal.util.LogHelper  : HHH000204: Processing PersistenceUnitInfo [
	name: default
	...]
2019-04-11 15:58:03.172  INFO 10132 --- [    Test worker] org.hibernate.Version                    : HHH000412: Hibernate Core {5.3.7.Final}
2019-04-11 15:58:03.173  INFO 10132 --- [    Test worker] org.hibernate.cfg.Environment            : HHH000206: hibernate.properties not found
2019-04-11 15:58:03.280  INFO 10132 --- [    Test worker] o.hibernate.annotations.common.Version   : HCANN000001: Hibernate Commons Annotations {5.0.4.Final}
2019-04-11 15:58:03.380  INFO 10132 --- [    Test worker] org.hibernate.dialect.Dialect            : HHH000400: Using dialect: org.hibernate.dialect.H2Dialect
2019-04-11 15:58:03.909  INFO 10132 --- [    Test worker] o.h.t.schema.internal.SchemaCreatorImpl  : HHH000476: Executing import script 'org.hibernate.tool.schema.internal.exec.ScriptSourceInputNonExistentImpl@2271c7c6'
2019-04-11 15:58:03.912  INFO 10132 --- [    Test worker] j.LocalContainerEntityManagerFactoryBean : Initialized JPA EntityManagerFactory for persistence unit 'default'
I am inside queue LOWBALANCE_QUEUE
I am inside exchange LOWERBALANCE_EXCHANGE
I am inside binding LOWBALANCE_KEY
2019-04-11 15:58:04.844  INFO 10132 --- [    Test worker] o.s.s.concurrent.ThreadPoolTaskExecutor  : Initializing ExecutorService 'applicationTaskExecutor'
2019-04-11 15:58:04.883  WARN 10132 --- [    Test worker] aWebConfiguration$JpaWebMvcConfiguration : spring.jpa.open-in-view is enabled by default. Therefore, database queries may be performed during view rendering. Explicitly configure spring.jpa.open-in-view to disable this warning
2019-04-11 15:58:05.577  INFO 10132 --- [    Test worker] o.s.b.a.e.web.EndpointLinksResolver      : Exposing 2 endpoint(s) beneath base path '/actuator'
2019-04-11 15:58:05.633  INFO 10132 --- [    Test worker] c.c.a.c.R.AccountRepositoryTest          : Started AccountRepositoryTest in 5.319 seconds (JVM running for 6.009)
2019-04-11 15:58:05.732  INFO 10132 --- [    Test worker] o.h.h.i.QueryTranslatorFactoryInitiator  : HHH000397: Using ASTQueryTranslatorFactory
2019-04-11 15:58:05.841  INFO 10132 --- [    Test worker] o.s.s.concurrent.ThreadPoolTaskExecutor  : Shutting down ExecutorService 'applicationTaskExecutor'
2019-04-11 15:58:05.842  INFO 10132 --- [    Test worker] j.LocalContainerEntityManagerFactoryBean : Closing JPA EntityManagerFactory for persistence unit 'default'
2019-04-11 15:58:05.843  INFO 10132 --- [    Test worker] .SchemaDropperImpl$DelayedDropActionImpl : HHH000477: Starting delayed evictData of schema as part of SessionFactory shut-down'
2019-04-11 15:58:05.849  INFO 10132 --- [    Test worker] o.s.b.f.support.DisposableBeanAdapter    : Invocation of destroy method failed on bean with name 'inMemoryDatabaseShutdownExecutor': org.h2.jdbc.JdbcSQLException: Database is already closed (to disable automatic closing at VM shutdown, add ";DB_CLOSE_ON_EXIT=FALSE" to the db URL) [90121-197]
2019-04-11 15:58:05.849  INFO 10132 --- [    Test worker] com.zaxxer.hikari.HikariDataSource       : HikariPool-1 - Shutdown initiated...
2019-04-11 15:58:05.850  INFO 10132 --- [    Test worker] com.zaxxer.hikari.HikariDataSource       : HikariPool-1 - Shutdown completed.
2019-04-11 15:58:05.884  INFO 10132 --- [    Test worker] trationDelegate$BeanPostProcessorChecker : Bean 'configurationPropertiesRebinderAutoConfiguration' of type [org.springframework.cloud.autoconfigure.ConfigurationPropertiesRebinderAutoConfiguration$$EnhancerBySpringCGLIB$$b99e4083] is not eligible for getting processed by all BeanPostProcessors (for example: not eligible for auto-proxying)

  .   ____          _            __ _ _
 /\\ / ___'_ __ _ _(_)_ __  __ _ \ \ \ \
( ( )\___ | '_ | '_| | '_ \/ _` | \ \ \ \
 \\/  ___)| |_)| | | | | || (_| |  ) ) ) )
  '  |____| .__|_| |_|_| |_\__, | / / / /
 =========|_|==============|___/=/_/_/_/
 :: Spring Boot ::        (v2.1.3.RELEASE)

2019-04-11 15:58:05.909  INFO 10132 --- [    Test worker] c.c.c.ConfigServicePropertySourceLocator : Fetching config from server at : http://localhost:8888
2019-04-11 15:58:05.914  INFO 10132 --- [    Test worker] c.c.c.ConfigServicePropertySourceLocator : Connect Timeout Exception on Url - http://localhost:8888. Will be trying the next url if available
2019-04-11 15:58:05.914  WARN 10132 --- [    Test worker] c.c.c.ConfigServicePropertySourceLocator : Could not locate PropertySource: I/O error on GET request for "http://localhost:8888/application/default": Connection refused (Connection refused); nested exception is java.net.ConnectException: Connection refused (Connection refused)
2019-04-11 15:58:05.915  WARN 10132 --- [    Test worker] ory$DuplicateJsonObjectContextCustomizer : 

Found multiple occurrences of org.json.JSONObject on the class path:

	jar:file:/Users/training/.gradle/caches/modules-2/files-2.1/org.json/json/20180813/8566b2b0391d9d4479ea225645c6ed47ef17fe41/json-20180813.jar!/org/json/JSONObject.class
	jar:file:/Users/training/.gradle/caches/modules-2/files-2.1/com.vaadin.external.google/android-json/0.0.20131108.vaadin1/fa26d351fe62a6a17f5cda1287c1c6110dec413f/android-json-0.0.20131108.vaadin1.jar!/org/json/JSONObject.class

You may wish to exclude one of them to ensure predictable runtime behavior

2019-04-11 15:58:05.916  INFO 10132 --- [    Test worker] c.c.a.c.R.AccountRepositoryTest          : No active profile set, falling back to default profiles: default
2019-04-11 15:58:06.075  INFO 10132 --- [    Test worker] .s.d.r.c.RepositoryConfigurationDelegate : Bootstrapping Spring Data repositories in DEFAULT mode.
2019-04-11 15:58:06.083  INFO 10132 --- [    Test worker] .s.d.r.c.RepositoryConfigurationDelegate : Finished Spring Data repository scanning in 8ms. Found 2 repository interfaces.
2019-04-11 15:58:06.125  INFO 10132 --- [    Test worker] o.s.cloud.context.scope.GenericScope     : BeanFactory id=4531520a-2602-3ad9-98ea-292bfdcc6990
2019-04-11 15:58:06.140  INFO 10132 --- [    Test worker] trationDelegate$BeanPostProcessorChecker : Bean 'org.springframework.amqp.rabbit.annotation.RabbitBootstrapConfiguration' of type [org.springframework.amqp.rabbit.annotation.RabbitBootstrapConfiguration$$EnhancerBySpringCGLIB$$63effbb4] is not eligible for getting processed by all BeanPostProcessors (for example: not eligible for auto-proxying)
2019-04-11 15:58:06.166  INFO 10132 --- [    Test worker] trationDelegate$BeanPostProcessorChecker : Bean 'org.springframework.transaction.annotation.ProxyTransactionManagementConfiguration' of type [org.springframework.transaction.annotation.ProxyTransactionManagementConfiguration$$EnhancerBySpringCGLIB$$9d843d86] is not eligible for getting processed by all BeanPostProcessors (for example: not eligible for auto-proxying)
2019-04-11 15:58:06.177  INFO 10132 --- [    Test worker] trationDelegate$BeanPostProcessorChecker : Bean 'org.springframework.cloud.autoconfigure.ConfigurationPropertiesRebinderAutoConfiguration' of type [org.springframework.cloud.autoconfigure.ConfigurationPropertiesRebinderAutoConfiguration$$EnhancerBySpringCGLIB$$b99e4083] is not eligible for getting processed by all BeanPostProcessors (for example: not eligible for auto-proxying)
2019-04-11 15:58:06.241  INFO 10132 --- [    Test worker] com.zaxxer.hikari.HikariDataSource       : HikariPool-2 - Starting...
2019-04-11 15:58:06.242  INFO 10132 --- [    Test worker] com.zaxxer.hikari.HikariDataSource       : HikariPool-2 - Start completed.
2019-04-11 15:58:06.255  INFO 10132 --- [    Test worker] o.hibernate.jpa.internal.util.LogHelper  : HHH000204: Processing PersistenceUnitInfo [
	name: default
	...]
2019-04-11 15:58:06.259  INFO 10132 --- [    Test worker] org.hibernate.dialect.Dialect            : HHH000400: Using dialect: org.hibernate.dialect.H2Dialect
2019-04-11 15:58:06.300  INFO 10132 --- [    Test worker] o.h.t.schema.internal.SchemaCreatorImpl  : HHH000476: Executing import script 'org.hibernate.tool.schema.internal.exec.ScriptSourceInputNonExistentImpl@2271c7c6'
2019-04-11 15:58:06.300  INFO 10132 --- [    Test worker] j.LocalContainerEntityManagerFactoryBean : Initialized JPA EntityManagerFactory for persistence unit 'default'
I am inside queue LOWBALANCE_QUEUE
I am inside exchange LOWERBALANCE_EXCHANGE
I am inside binding LOWBALANCE_KEY
2019-04-11 15:58:06.641  INFO 10132 --- [    Test worker] o.s.s.concurrent.ThreadPoolTaskExecutor  : Initializing ExecutorService 'applicationTaskExecutor'
2019-04-11 15:58:06.650  WARN 10132 --- [    Test worker] aWebConfiguration$JpaWebMvcConfiguration : spring.jpa.open-in-view is enabled by default. Therefore, database queries may be performed during view rendering. Explicitly configure spring.jpa.open-in-view to disable this warning
2019-04-11 15:58:07.090  INFO 10132 --- [    Test worker] o.s.b.a.e.web.EndpointLinksResolver      : Exposing 2 endpoint(s) beneath base path '/actuator'
2019-04-11 15:58:07.125  INFO 10132 --- [    Test worker] c.c.a.c.R.AccountRepositoryTest          : Started AccountRepositoryTest in 1.273 seconds (JVM running for 7.501)
2019-04-11 15:58:07.134  INFO 10132 --- [    Test worker] o.h.h.i.QueryTranslatorFactoryInitiator  : HHH000397: Using ASTQueryTranslatorFactory
2019-04-11 15:58:07.147  INFO 10132 --- [    Test worker] o.s.s.concurrent.ThreadPoolTaskExecutor  : Shutting down ExecutorService 'applicationTaskExecutor'
2019-04-11 15:58:07.154  INFO 10132 --- [    Test worker] j.LocalContainerEntityManagerFactoryBean : Closing JPA EntityManagerFactory for persistence unit 'default'
2019-04-11 15:58:07.154  INFO 10132 --- [    Test worker] .SchemaDropperImpl$DelayedDropActionImpl : HHH000477: Starting delayed evictData of schema as part of SessionFactory shut-down'
2019-04-11 15:58:07.155  INFO 10132 --- [    Test worker] o.s.b.f.support.DisposableBeanAdapter    : Invocation of destroy method failed on bean with name 'inMemoryDatabaseShutdownExecutor': org.h2.jdbc.JdbcSQLException: Database is already closed (to disable automatic closing at VM shutdown, add ";DB_CLOSE_ON_EXIT=FALSE" to the db URL) [90121-197]
2019-04-11 15:58:07.156  INFO 10132 --- [    Test worker] com.zaxxer.hikari.HikariDataSource       : HikariPool-2 - Shutdown initiated...
2019-04-11 15:58:07.157  INFO 10132 --- [    Test worker] com.zaxxer.hikari.HikariDataSource       : HikariPool-2 - Shutdown completed.
]]></system-out>
  <system-err><![CDATA[]]></system-err>
</testsuite>
