<?xml version="1.0" encoding="UTF-8"?>
<testsuite name="com.cognibank.accountmanagment.cognibankaccountmanagment.Controller.AcountControllerTest" tests="2" skipped="0" failures="0" errors="0" timestamp="2019-04-11T19:58:08" hostname="MACPCUS82350" time="0.023">
  <properties/>
  <testcase name="createAccountControllerTest" classname="com.cognibank.accountmanagment.cognibankaccountmanagment.Controller.AcountControllerTest" time="0.011"/>
  <testcase name="updateAccountStatusControllerTest" classname="com.cognibank.accountmanagment.cognibankaccountmanagment.Controller.AcountControllerTest" time="0.012"/>
  <system-out><![CDATA[2019-04-11 15:58:08.675  INFO 10132 --- [    Test worker] o.s.mock.web.MockServletContext          : Initializing Spring TestDispatcherServlet ''
2019-04-11 15:58:08.675  INFO 10132 --- [    Test worker] o.s.t.web.servlet.TestDispatcherServlet  : Initializing Servlet ''
2019-04-11 15:58:08.675  INFO 10132 --- [    Test worker] o.s.t.web.servlet.TestDispatcherServlet  : Completed initialization in 0 ms

MockHttpServletRequest:
      HTTP Method = PUT
      Request URI = /users/accounts/create/12/Checking
       Parameters = {}
          Headers = [Content-Type:"application/json", Accept:"application/json"]
             Body = <no character encoding set>
    Session Attrs = {}

Handler:
             Type = com.cognibank.accountmanagment.cognibankaccountmanagment.Controller.AccountController
           Method = public java.lang.String com.cognibank.accountmanagment.cognibankaccountmanagment.Controller.AccountController.create(java.lang.String,com.cognibank.accountmanagment.cognibankaccountmanagment.Model.AccountType)

Async:
    Async started = false
     Async result = null

Resolved Exception:
             Type = null

ModelAndView:
        View name = null
             View = null
            Model = null

FlashMap:
       Attributes = null

MockHttpServletResponse:
           Status = 200
    Error message = null
          Headers = [Content-Type:"application/json;charset=ISO-8859-1", Content-Length:"36"]
     Content type = application/json;charset=ISO-8859-1
             Body = 0e4c1211-2c58-4956-b523-ed0d64dc54c4
    Forwarded URL = null
   Redirected URL = null
          Cookies = []
2019-04-11 15:58:08.687  INFO 10132 --- [    Test worker] o.s.mock.web.MockServletContext          : Initializing Spring TestDispatcherServlet ''
2019-04-11 15:58:08.687  INFO 10132 --- [    Test worker] o.s.t.web.servlet.TestDispatcherServlet  : Initializing Servlet ''
2019-04-11 15:58:08.687  INFO 10132 --- [    Test worker] o.s.t.web.servlet.TestDispatcherServlet  : Completed initialization in 0 ms

MockHttpServletRequest:
      HTTP Method = PUT
      Request URI = /users/accounts/update/78/FREEZE
       Parameters = {}
          Headers = [Content-Type:"application/json", Accept:"application/json"]
             Body = <no character encoding set>
    Session Attrs = {}

Handler:
             Type = com.cognibank.accountmanagment.cognibankaccountmanagment.Controller.AccountController
           Method = public java.lang.String com.cognibank.accountmanagment.cognibankaccountmanagment.Controller.AccountController.updateStatus(java.lang.Long,java.lang.String)

Async:
    Async started = false
     Async result = null

Resolved Exception:
             Type = null

ModelAndView:
        View name = null
             View = null
            Model = null

FlashMap:
       Attributes = null

MockHttpServletResponse:
           Status = 200
    Error message = null
          Headers = [Content-Type:"application/json;charset=ISO-8859-1", Content-Length:"6"]
     Content type = application/json;charset=ISO-8859-1
             Body = FREEZE
    Forwarded URL = null
   Redirected URL = null
          Cookies = []
]]></system-out>
  <system-err><![CDATA[]]></system-err>
</testsuite>
